<?xml version="1.0" encoding="UTF-8"?>
<!-- Generated by org.testng.reporters.JUnitXMLReporter -->
<testsuite hostname="aatish-slathia" ignored="0" name="Test" tests="0" failures="0" timestamp="2022-02-22T11:18:51 IST" time="0.227" errors="0">
  <testcase name="@BeforeClass setUpClass" time="0.15" classname="io.cucumber.testng.AbstractTestNGCucumberTests">
    <failure type="java.lang.AbstractMethodError" message="io.cucumber.testng.TestNGCucumberOptionsProvider$TestNGCucumberOptions.strict()Z">
      <![CDATA[java.lang.AbstractMethodError: io.cucumber.testng.TestNGCucumberOptionsProvider$TestNGCucumberOptions.strict()Z
at io.cucumber.core.options.CucumberOptionsAnnotationParser.addStrict(CucumberOptionsAnnotationParser.java:98)
at io.cucumber.core.options.CucumberOptionsAnnotationParser.parse(CucumberOptionsAnnotationParser.java:43)
at io.cucumber.testng.TestNGCucumberRunner.<init>(TestNGCucumberRunner.java:85)
at io.cucumber.testng.AbstractTestNGCucumberTests.setUpClass(AbstractTestNGCucumberTests.java:27)
at java.util.ArrayList.forEach(ArrayList.java:1257)
... Removed 25 stack frames]]>
    </failure>
  </testcase> <!-- @BeforeClass setUpClass -->
</testsuite> <!-- Test -->
