<?xml version="1.0" encoding="UTF-8"?>
<testng-results skipped="0" failed="0" ignored="0" total="0" passed="0">
  <reporter-output>
  </reporter-output>
  <suite name="Default suite" duration-ms="107" started-at="2022-03-08T15:04:50 IST" finished-at="2022-03-08T15:04:50 IST">
    <groups>
      <group name="cucumber">
        <method signature="AbstractTestNGCucumberTests.runScenario(io.cucumber.testng.PickleWrapper, io.cucumber.testng.FeatureWrapper)[pri:0, instance:cucumberOptions.TestRunner@186a70]" name="runScenario" class="io.cucumber.testng.AbstractTestNGCucumberTests"/>
      </group> <!-- cucumber -->
    </groups>
    <test name="Default test" duration-ms="107" started-at="2022-03-08T15:04:50 IST" finished-at="2022-03-08T15:04:50 IST">
      <class name="cucumberOptions.TestRunner">
        <test-method status="FAIL" signature="setUpClass(org.testng.ITestContext)[pri:0, instance:cucumberOptions.TestRunner@186a70]" name="setUpClass" is-config="true" duration-ms="67" started-at="2022-03-08T15:04:50 IST" finished-at="2022-03-08T15:04:50 IST">
          <params>
            <param index="0">
              <value>
                <![CDATA[org.testng.TestRunner@3047e6]]>
              </value>
            </param>
          </params>
          <exception class="java.lang.AbstractMethodError">
            <message>
              <![CDATA[io.cucumber.testng.TestNGCucumberOptionsProvider$TestNGCucumberOptions.strict()Z]]>
            </message>
            <full-stacktrace>
              <![CDATA[java.lang.AbstractMethodError: io.cucumber.testng.TestNGCucumberOptionsProvider$TestNGCucumberOptions.strict()Z
at io.cucumber.core.options.CucumberOptionsAnnotationParser.addStrict(CucumberOptionsAnnotationParser.java:98)
at io.cucumber.core.options.CucumberOptionsAnnotationParser.parse(CucumberOptionsAnnotationParser.java:43)
at io.cucumber.testng.TestNGCucumberRunner.<init>(TestNGCucumberRunner.java:85)
at io.cucumber.testng.AbstractTestNGCucumberTests.setUpClass(AbstractTestNGCucumberTests.java:27)
at sun.reflect.NativeMethodAccessorImpl.invoke0(Native Method)
at sun.reflect.NativeMethodAccessorImpl.invoke(NativeMethodAccessorImpl.java:62)
at sun.reflect.DelegatingMethodAccessorImpl.invoke(DelegatingMethodAccessorImpl.java:43)
at java.lang.reflect.Method.invoke(Method.java:498)
at org.testng.internal.MethodInvocationHelper.invokeMethod(MethodInvocationHelper.java:134)
at org.testng.internal.MethodInvocationHelper.invokeMethodConsideringTimeout(MethodInvocationHelper.java:63)
at org.testng.internal.ConfigInvoker.invokeConfigurationMethod(ConfigInvoker.java:348)
at org.testng.internal.ConfigInvoker.invokeConfigurations(ConfigInvoker.java:302)
at org.testng.internal.TestMethodWorker.invokeBeforeClassMethods(TestMethodWorker.java:176)
at org.testng.internal.TestMethodWorker.run(TestMethodWorker.java:122)
at java.util.ArrayList.forEach(ArrayList.java:1257)
at org.testng.TestRunner.privateRun(TestRunner.java:766)
at org.testng.TestRunner.run(TestRunner.java:587)
at org.testng.SuiteRunner.runTest(SuiteRunner.java:384)
at org.testng.SuiteRunner.runSequentially(SuiteRunner.java:378)
at org.testng.SuiteRunner.privateRun(SuiteRunner.java:337)
at org.testng.SuiteRunner.run(SuiteRunner.java:286)
at org.testng.SuiteRunnerWorker.runSuite(SuiteRunnerWorker.java:53)
at org.testng.SuiteRunnerWorker.run(SuiteRunnerWorker.java:96)
at org.testng.TestNG.runSuitesSequentially(TestNG.java:1187)
at org.testng.TestNG.runSuitesLocally(TestNG.java:1109)
at org.testng.TestNG.runSuites(TestNG.java:1039)
at org.testng.TestNG.run(TestNG.java:1007)
at org.testng.remote.AbstractRemoteTestNG.run(AbstractRemoteTestNG.java:115)
at org.testng.remote.RemoteTestNG.initAndRun(RemoteTestNG.java:251)
at org.testng.remote.RemoteTestNG.main(RemoteTestNG.java:77)
]]>
            </full-stacktrace>
          </exception> <!-- java.lang.AbstractMethodError -->
          <reporter-output>
          </reporter-output>
        </test-method> <!-- setUpClass -->
        <test-method status="PASS" signature="tearDownClass()[pri:0, instance:cucumberOptions.TestRunner@186a70]" name="tearDownClass" is-config="true" duration-ms="0" started-at="2022-03-08T15:04:50 IST" finished-at="2022-03-08T15:04:50 IST">
          <reporter-output>
          </reporter-output>
        </test-method> <!-- tearDownClass -->
      </class> <!-- cucumberOptions.TestRunner -->
    </test> <!-- Default test -->
  </suite> <!-- Default suite -->
</testng-results>
